--- Startup times for process: Primary (or UI client) ---

times in msec
 clock   self+sourced   self:  sourced script
 clock   elapsed:              other lines

000.000  000.000: --- NVIM STARTING ---
000.092  000.092: event init
000.435  000.343: early init
001.256  000.821: locale set
001.282  000.026: init first window
001.722  000.441: inits 1
001.729  000.007: window checked
001.732  000.003: parsing arguments
002.303  000.033  000.033: require('vim.shared')
002.368  000.025  000.025: require('vim.inspect')
002.402  000.024  000.024: require('vim._options')
002.403  000.098  000.049: require('vim._editor')
002.405  000.161  000.029: require('vim._init_packages')
002.406  000.513: init lua interpreter
006.744  004.337: nvim_ui_attach
007.117  000.373: nvim_set_client_info
007.120  000.003: --- NVIM STARTED ---

--- Startup times for process: Embedded ---

times in msec
 clock   self+sourced   self:  sourced script
 clock   elapsed:              other lines

000.000  000.000: --- NVIM STARTING ---
000.068  000.067: event init
000.191  000.123: early init
000.568  000.377: locale set
000.593  000.025: init first window
001.033  000.440: inits 1
001.048  000.015: window checked
001.052  000.004: parsing arguments
001.552  000.036  000.036: require('vim.shared')
001.631  000.032  000.032: require('vim.inspect')
001.666  000.027  000.027: require('vim._options')
001.668  000.112  000.053: require('vim._editor')
001.669  000.182  000.034: require('vim._init_packages')
001.671  000.437: init lua interpreter
003.681  002.010: expanding arguments
003.695  000.015: inits 2
003.948  000.253: init highlight
003.949  000.001: waiting for UI
004.136  000.187: done waiting for UI
004.142  000.007: clear screen
004.258  000.015  000.015: require('vim.keymap')
005.051  000.176  000.176: sourcing nvim_exec2()
005.236  001.091  000.899: require('vim._defaults')
005.238  000.005: init default mappings & autocommands
006.017  000.263  000.263: sourcing /opt/homebrew/Cellar/neovim/0.11.1/share/nvim/runtime/ftplugin.vim
006.306  000.202  000.202: sourcing /opt/homebrew/Cellar/neovim/0.11.1/share/nvim/runtime/indent.vim
008.098  000.851  000.851: require('lazy')
008.165  000.042  000.042: require('ffi')
008.225  000.030  000.030: require('vim.fs')
008.617  000.388  000.388: require('vim.uri')
008.628  000.457  000.039: require('vim.loader')
008.992  000.336  000.336: require('lazy.stats')
009.300  000.270  000.270: require('lazy.core.util')
009.576  000.273  000.273: require('lazy.core.config')
010.040  000.220  000.220: require('lazy.core.handler')
010.705  000.273  000.273: require('lazy.pkg')
010.709  000.441  000.168: require('lazy.core.meta')
010.713  000.672  000.230: require('lazy.core.plugin')
010.718  001.140  000.249: require('lazy.core.loader')
011.368  000.221  000.221: require('lazy.core.fragments')
013.420  000.222  000.222: require('lazy.core.handler.event')
013.422  000.486  000.263: require('lazy.core.handler.ft')
013.653  000.227  000.227: require('lazy.core.handler.cmd')
013.916  000.261  000.261: require('lazy.core.handler.keys')
014.355  000.167  000.167: sourcing nvim_exec2() called at /opt/homebrew/Cellar/neovim/0.11.1/share/nvim/runtime/filetype.lua:0
014.358  000.323  000.156: sourcing /opt/homebrew/Cellar/neovim/0.11.1/share/nvim/runtime/filetype.lua
014.361  000.386  000.063: sourcing nvim_exec2() called at /Users/alessio/.config/nvim/init.lua:0
014.428  000.002  000.002: sourcing nvim_exec2() called at /Users/alessio/.config/nvim/init.lua:0
014.434  000.001  000.001: sourcing nvim_exec2() called at /Users/alessio/.config/nvim/init.lua:0
016.554  000.254  000.254: require('tokyonight.config')
016.560  000.816  000.562: require('tokyonight')
017.090  000.293  000.293: require('tokyonight.util')
017.093  000.514  000.221: require('tokyonight.theme')
017.593  000.216  000.216: require('tokyonight.colors')
018.286  000.213  000.213: require('tokyonight.colors.storm')
018.811  000.177  000.177: require('tokyonight.hsluv')
019.270  000.202  000.202: require('tokyonight.groups')
019.990  004.535  002.397: sourcing /Users/alessio/.local/share/nvim/lazy/tokyonight.nvim/colors/tokyonight-night.lua
019.998  005.554  001.019: sourcing nvim_exec2() called at /Users/alessio/.config/nvim/init.lua:0
021.169  000.980  000.980: sourcing /Users/alessio/.local/share/nvim/lazy/vim-fugitive/plugin/fugitive.vim
021.174  001.056  000.076: sourcing nvim_exec2() called at /Users/alessio/.config/nvim/init.lua:0
021.183  000.001  000.001: sourcing nvim_exec2() called at /Users/alessio/.config/nvim/init.lua:0
021.335  000.059  000.059: sourcing /Users/alessio/.local/share/nvim/lazy/vim-fugitive/ftdetect/fugitive.vim
021.339  000.109  000.050: sourcing nvim_exec2() called at /Users/alessio/.config/nvim/init.lua:0
021.346  000.001  000.001: sourcing nvim_exec2() called at /Users/alessio/.config/nvim/init.lua:0
021.875  000.214  000.214: sourcing /Users/alessio/.local/share/nvim/lazy/vim-tmux-navigator/plugin/tmux_navigator.vim
021.879  000.267  000.053: sourcing nvim_exec2() called at /Users/alessio/.config/nvim/init.lua:0
021.884  000.001  000.001: sourcing nvim_exec2() called at /Users/alessio/.config/nvim/init.lua:0
021.892  000.001  000.001: sourcing nvim_exec2() called at /Users/alessio/.config/nvim/init.lua:0
022.367  000.150  000.150: sourcing /Users/alessio/.local/share/nvim/lazy/nvim-web-devicons/plugin/nvim-web-devicons.vim
022.370  000.197  000.047: sourcing nvim_exec2() called at /Users/alessio/.config/nvim/init.lua:0
022.374  000.001  000.001: sourcing nvim_exec2() called at /Users/alessio/.config/nvim/init.lua:0
022.380  000.001  000.001: sourcing nvim_exec2() called at /Users/alessio/.config/nvim/init.lua:0
022.386  000.001  000.001: sourcing nvim_exec2() called at /Users/alessio/.config/nvim/init.lua:0
022.391  000.001  000.001: sourcing nvim_exec2() called at /Users/alessio/.config/nvim/init.lua:0
023.175  000.206  000.206: require('lualine_require')
023.651  001.257  001.052: require('lualine')
023.848  000.195  000.195: require('lazy.status')
024.019  000.007  000.007: sourcing nvim_exec2() called at /Users/alessio/.config/nvim/init.lua:0
024.763  000.304  000.304: require('lualine.themes._tokyonight')
026.021  000.006  000.006: sourcing nvim_exec2() called at /Users/alessio/.config/nvim/init.lua:0
026.030  000.002  000.002: sourcing nvim_exec2() called at /Users/alessio/.config/nvim/init.lua:0
026.038  000.002  000.002: sourcing nvim_exec2() called at /Users/alessio/.config/nvim/init.lua:0
026.043  000.002  000.002: sourcing nvim_exec2() called at /Users/alessio/.config/nvim/init.lua:0
026.049  000.002  000.002: sourcing nvim_exec2() called at /Users/alessio/.config/nvim/init.lua:0
026.119  000.002  000.002: sourcing nvim_exec2() called at /Users/alessio/.config/nvim/init.lua:0
026.130  000.002  000.002: sourcing nvim_exec2() called at /Users/alessio/.config/nvim/init.lua:0
026.193  000.002  000.002: sourcing nvim_exec2() called at /Users/alessio/.config/nvim/init.lua:0
026.198  000.002  000.002: sourcing nvim_exec2() called at /Users/alessio/.config/nvim/init.lua:0
026.203  000.002  000.002: sourcing nvim_exec2() called at /Users/alessio/.config/nvim/init.lua:0
026.208  000.001  000.001: sourcing nvim_exec2() called at /Users/alessio/.config/nvim/init.lua:0
026.213  000.002  000.002: sourcing nvim_exec2() called at /Users/alessio/.config/nvim/init.lua:0
026.219  000.003  000.003: sourcing nvim_exec2() called at /Users/alessio/.config/nvim/init.lua:0
026.223  000.001  000.001: sourcing nvim_exec2() called at /Users/alessio/.config/nvim/init.lua:0
026.229  000.001  000.001: sourcing nvim_exec2() called at /Users/alessio/.config/nvim/init.lua:0
026.233  000.001  000.001: sourcing nvim_exec2() called at /Users/alessio/.config/nvim/init.lua:0
026.242  000.001  000.001: sourcing nvim_exec2() called at /Users/alessio/.config/nvim/init.lua:0
026.259  000.011  000.011: sourcing nvim_exec2() called at /Users/alessio/.config/nvim/init.lua:0
027.987  000.285  000.285: require('lualine.utils.mode')
028.994  000.009  000.009: sourcing nvim_exec2() called at /Users/alessio/.config/nvim/init.lua:0
029.001  000.003  000.003: sourcing nvim_exec2() called at /Users/alessio/.config/nvim/init.lua:0
029.604  000.010  000.010: sourcing nvim_exec2() called at /Users/alessio/.config/nvim/init.lua:0
029.652  000.002  000.002: sourcing nvim_exec2() called at /Users/alessio/.config/nvim/init.lua:0
029.657  000.002  000.002: sourcing nvim_exec2() called at /Users/alessio/.config/nvim/init.lua:0
029.951  000.009  000.009: sourcing nvim_exec2() called at /Users/alessio/.config/nvim/init.lua:0
029.994  000.002  000.002: sourcing nvim_exec2() called at /Users/alessio/.config/nvim/init.lua:0
029.999  000.002  000.002: sourcing nvim_exec2() called at /Users/alessio/.config/nvim/init.lua:0
030.445  000.164  000.164: require('lualine.extensions.nerdtree')
030.767  000.129  000.129: sourcing /opt/homebrew/Cellar/neovim/0.11.1/share/nvim/runtime/plugin/editorconfig.lua
030.769  000.187  000.058: sourcing nvim_exec2() called at /Users/alessio/.config/nvim/init.lua:0
031.087  000.224  000.224: sourcing /opt/homebrew/Cellar/neovim/0.11.1/share/nvim/runtime/plugin/gzip.vim
031.092  000.268  000.044: sourcing nvim_exec2() called at /Users/alessio/.config/nvim/init.lua:0
031.238  000.104  000.104: sourcing /opt/homebrew/Cellar/neovim/0.11.1/share/nvim/runtime/plugin/man.lua
031.243  000.148  000.043: sourcing nvim_exec2() called at /Users/alessio/.config/nvim/init.lua:0
031.613  000.004  000.004: require('vim.F')
032.020  000.273  000.273: sourcing /opt/homebrew/Cellar/neovim/0.11.1/share/nvim/runtime/pack/dist/opt/matchit/plugin/matchit.vim
032.031  000.748  000.471: sourcing /opt/homebrew/Cellar/neovim/0.11.1/share/nvim/runtime/plugin/matchit.vim
032.033  000.788  000.040: sourcing nvim_exec2() called at /Users/alessio/.config/nvim/init.lua:0
032.281  000.206  000.206: sourcing /opt/homebrew/Cellar/neovim/0.11.1/share/nvim/runtime/plugin/matchparen.vim
032.283  000.247  000.041: sourcing nvim_exec2() called at /Users/alessio/.config/nvim/init.lua:0
033.071  000.313  000.313: sourcing /opt/homebrew/Cellar/neovim/0.11.1/share/nvim/runtime/pack/dist/opt/netrw/plugin/netrwPlugin.vim
033.081  000.754  000.441: sourcing /opt/homebrew/Cellar/neovim/0.11.1/share/nvim/runtime/plugin/netrwPlugin.vim
033.082  000.796  000.042: sourcing nvim_exec2() called at /Users/alessio/.config/nvim/init.lua:0
033.285  000.138  000.138: sourcing /opt/homebrew/Cellar/neovim/0.11.1/share/nvim/runtime/plugin/osc52.lua
033.287  000.203  000.064: sourcing nvim_exec2() called at /Users/alessio/.config/nvim/init.lua:0
033.561  000.203  000.203: sourcing /opt/homebrew/Cellar/neovim/0.11.1/share/nvim/runtime/plugin/rplugin.vim
033.564  000.272  000.069: sourcing nvim_exec2() called at /Users/alessio/.config/nvim/init.lua:0
033.749  000.110  000.110: sourcing /opt/homebrew/Cellar/neovim/0.11.1/share/nvim/runtime/plugin/shada.vim
033.751  000.181  000.071: sourcing nvim_exec2() called at /Users/alessio/.config/nvim/init.lua:0
033.970  000.165  000.165: sourcing /opt/homebrew/Cellar/neovim/0.11.1/share/nvim/runtime/plugin/spellfile.vim
033.972  000.218  000.053: sourcing nvim_exec2() called at /Users/alessio/.config/nvim/init.lua:0
034.100  000.079  000.079: sourcing /opt/homebrew/Cellar/neovim/0.11.1/share/nvim/runtime/plugin/tarPlugin.vim
034.101  000.126  000.048: sourcing nvim_exec2() called at /Users/alessio/.config/nvim/init.lua:0
034.285  000.136  000.136: sourcing /opt/homebrew/Cellar/neovim/0.11.1/share/nvim/runtime/plugin/tohtml.lua
034.287  000.183  000.048: sourcing nvim_exec2() called at /Users/alessio/.config/nvim/init.lua:0
034.374  000.035  000.035: sourcing /opt/homebrew/Cellar/neovim/0.11.1/share/nvim/runtime/plugin/tutor.vim
034.376  000.086  000.051: sourcing nvim_exec2() called at /Users/alessio/.config/nvim/init.lua:0
034.517  000.090  000.090: sourcing /opt/homebrew/Cellar/neovim/0.11.1/share/nvim/runtime/plugin/zipPlugin.vim
034.519  000.141  000.051: sourcing nvim_exec2() called at /Users/alessio/.config/nvim/init.lua:0
034.651  027.738  009.451: require('alessio.lazy_init')
035.082  000.430  000.430: require('alessio.options')
035.324  000.240  000.240: require('alessio.functions')
035.709  000.384  000.384: require('alessio.keymaps')
035.710  029.100  000.309: require('alessio')
035.711  029.252  000.152: sourcing /Users/alessio/.config/nvim/init.lua
035.718  000.762: sourcing vimrc file(s)
035.949  000.034  000.034: sourcing /opt/homebrew/Cellar/neovim/0.11.1/share/nvim/runtime/filetype.lua
036.344  000.100  000.100: sourcing /opt/homebrew/Cellar/neovim/0.11.1/share/nvim/runtime/syntax/synload.vim
036.393  000.363  000.264: sourcing /opt/homebrew/Cellar/neovim/0.11.1/share/nvim/runtime/syntax/syntax.vim
036.400  000.285: inits 3
037.610  001.210: reading ShaDa
037.660  000.050: opening buffers
037.696  000.036: BufEnter autocommands
037.698  000.002: editing files in windows
037.769  000.071: VimEnter autocommands
038.026  000.238  000.238: require('vim.termcap')
038.040  000.009  000.009: require('vim.text')
038.056  000.040: UIEnter autocommands
038.433  000.292  000.292: sourcing /opt/homebrew/Cellar/neovim/0.11.1/share/nvim/runtime/autoload/provider/clipboard.vim
038.436  000.088: before starting main loop
038.600  000.164: first screen update
038.603  000.004: --- NVIM STARTED ---

